[19:39:35.058] Running Houdini 20.5.332 with PID 253417
[19:39:35.059] Loading .hip file '/media/jax/dvlp/Houdini/jupiter/hip/Studio/030.hiplc'...
[19:39:36.164] .hip file done loading
[19:39:36.210] ROP node path '/tasks/topnet1/cache/ropnet1/geometry1'
[19:39:36.210] ROP type name: 'geometry'
[19:39:36.210] ROP source path: 'Internal'
[19:39:36.210] NOTE: Render parm edits will be applied to: '/tasks/topnet1/cache'
[19:39:36.210] Checking for output parm(s) 'sopoutput' on node '/tasks/topnet1/cache/ropnet1/geometry1'
[19:39:36.210] Cooking node using 'hou.Rop.render'
[19:39:36.216] PDG_START: 150;0
[19:39:36.218] Cooking batch sub item 0
[19:39:36.221] Checking for output parm(s) 'sopoutput' on node '/tasks/topnet1/cache/ropnet1/geometry1'
ALF_PROGRESS 0%
[19:39:37.813] PDG_START: 150;1
[19:39:37.815] Cooking batch sub item 1
ALF_PROGRESS 1%
[19:39:38.084] PDG_RESULT: 150;0;/media/jax/dvlp/Houdini/jupiter/hip/Studio/geo/cache/wedge_1/0001.bgeo.sc;;0
[19:39:38.085] PDG_SUCCESS: 150;0;0
[19:39:38.086] PDG_START: 150;2
[19:39:38.087] Cooking batch sub item 2
ALF_PROGRESS 3%
[19:39:38.149] PDG_RESULT: 150;1;/media/jax/dvlp/Houdini/jupiter/hip/Studio/geo/cache/wedge_1/0002.bgeo.sc;;0
[19:39:38.151] PDG_SUCCESS: 150;1;0
[19:39:38.152] PDG_START: 150;3
[19:39:38.153] Cooking batch sub item 3
ALF_PROGRESS 4%
[19:39:38.214] PDG_RESULT: 150;2;/media/jax/dvlp/Houdini/jupiter/hip/Studio/geo/cache/wedge_1/0003.bgeo.sc;;0
[19:39:38.215] PDG_SUCCESS: 150;2;0
[19:39:38.216] PDG_START: 150;4
[19:39:38.217] Cooking batch sub item 4
ALF_PROGRESS 6%
[19:39:38.280] PDG_RESULT: 150;3;/media/jax/dvlp/Houdini/jupiter/hip/Studio/geo/cache/wedge_1/0004.bgeo.sc;;0
[19:39:38.281] PDG_SUCCESS: 150;3;0
[19:39:38.282] PDG_START: 150;5
[19:39:38.283] Cooking batch sub item 5
ALF_PROGRESS 7%
[19:39:38.348] PDG_RESULT: 150;4;/media/jax/dvlp/Houdini/jupiter/hip/Studio/geo/cache/wedge_1/0005.bgeo.sc;;0
[19:39:38.350] PDG_SUCCESS: 150;4;0
[19:39:38.351] PDG_START: 150;6
[19:39:38.352] Cooking batch sub item 6
ALF_PROGRESS 8%
[19:39:38.419] PDG_RESULT: 150;5;/media/jax/dvlp/Houdini/jupiter/hip/Studio/geo/cache/wedge_1/0006.bgeo.sc;;0
[19:39:38.421] PDG_SUCCESS: 150;5;0
[19:39:38.422] PDG_START: 150;7
[19:39:38.423] Cooking batch sub item 7
ALF_PROGRESS 10%
[19:39:38.490] PDG_RESULT: 150;6;/media/jax/dvlp/Houdini/jupiter/hip/Studio/geo/cache/wedge_1/0007.bgeo.sc;;0
[19:39:38.491] PDG_SUCCESS: 150;6;0
[19:39:38.492] PDG_START: 150;8
[19:39:38.492] Cooking batch sub item 8
ALF_PROGRESS 11%
[19:39:38.554] PDG_RESULT: 150;7;/media/jax/dvlp/Houdini/jupiter/hip/Studio/geo/cache/wedge_1/0008.bgeo.sc;;0
[19:39:38.555] PDG_SUCCESS: 150;7;0
[19:39:38.556] PDG_START: 150;9
[19:39:38.557] Cooking batch sub item 9
ALF_PROGRESS 13%
[19:39:38.623] PDG_RESULT: 150;8;/media/jax/dvlp/Houdini/jupiter/hip/Studio/geo/cache/wedge_1/0009.bgeo.sc;;0
[19:39:38.625] PDG_SUCCESS: 150;8;0
[19:39:38.626] PDG_START: 150;10
[19:39:38.626] Cooking batch sub item 10
ALF_PROGRESS 14%
[19:39:38.691] PDG_RESULT: 150;9;/media/jax/dvlp/Houdini/jupiter/hip/Studio/geo/cache/wedge_1/0010.bgeo.sc;;0
[19:39:38.693] PDG_SUCCESS: 150;9;0
[19:39:38.693] PDG_START: 150;11
[19:39:38.694] Cooking batch sub item 11
ALF_PROGRESS 15%
[19:39:38.758] PDG_RESULT: 150;10;/media/jax/dvlp/Houdini/jupiter/hip/Studio/geo/cache/wedge_1/0011.bgeo.sc;;0
[19:39:38.759] PDG_SUCCESS: 150;10;0
[19:39:38.760] PDG_START: 150;12
[19:39:38.761] Cooking batch sub item 12
ALF_PROGRESS 17%
[19:39:38.829] PDG_RESULT: 150;11;/media/jax/dvlp/Houdini/jupiter/hip/Studio/geo/cache/wedge_1/0012.bgeo.sc;;0
[19:39:38.830] PDG_SUCCESS: 150;11;0
[19:39:38.831] PDG_START: 150;13
[19:39:38.832] Cooking batch sub item 13
ALF_PROGRESS 18%
[19:39:38.896] PDG_RESULT: 150;12;/media/jax/dvlp/Houdini/jupiter/hip/Studio/geo/cache/wedge_1/0013.bgeo.sc;;0
[19:39:38.898] PDG_SUCCESS: 150;12;0
[19:39:38.899] PDG_START: 150;14
[19:39:38.899] Cooking batch sub item 14
ALF_PROGRESS 20%
[19:39:38.964] PDG_RESULT: 150;13;/media/jax/dvlp/Houdini/jupiter/hip/Studio/geo/cache/wedge_1/0014.bgeo.sc;;0
[19:39:38.965] PDG_SUCCESS: 150;13;0
[19:39:38.966] PDG_START: 150;15
[19:39:38.967] Cooking batch sub item 15
ALF_PROGRESS 21%
[19:39:39.033] PDG_RESULT: 150;14;/media/jax/dvlp/Houdini/jupiter/hip/Studio/geo/cache/wedge_1/0015.bgeo.sc;;0
[19:39:39.034] PDG_SUCCESS: 150;14;0
[19:39:39.035] PDG_START: 150;16
[19:39:39.036] Cooking batch sub item 16
ALF_PROGRESS 23%
[19:39:39.111] PDG_RESULT: 150;15;/media/jax/dvlp/Houdini/jupiter/hip/Studio/geo/cache/wedge_1/0016.bgeo.sc;;0
[19:39:39.113] PDG_SUCCESS: 150;15;0
[19:39:39.114] PDG_START: 150;17
[19:39:39.115] Cooking batch sub item 17
ALF_PROGRESS 24%
[19:39:39.200] PDG_RESULT: 150;16;/media/jax/dvlp/Houdini/jupiter/hip/Studio/geo/cache/wedge_1/0017.bgeo.sc;;0
[19:39:39.202] PDG_SUCCESS: 150;16;0
[19:39:39.203] PDG_START: 150;18
[19:39:39.204] Cooking batch sub item 18
ALF_PROGRESS 25%
[19:39:39.277] PDG_RESULT: 150;17;/media/jax/dvlp/Houdini/jupiter/hip/Studio/geo/cache/wedge_1/0018.bgeo.sc;;0
[19:39:39.278] PDG_SUCCESS: 150;17;0
[19:39:39.279] PDG_START: 150;19
[19:39:39.280] Cooking batch sub item 19
ALF_PROGRESS 27%
[19:39:39.347] PDG_RESULT: 150;18;/media/jax/dvlp/Houdini/jupiter/hip/Studio/geo/cache/wedge_1/0019.bgeo.sc;;0
[19:39:39.349] PDG_SUCCESS: 150;18;0
[19:39:39.350] PDG_START: 150;20
[19:39:39.350] Cooking batch sub item 20
ALF_PROGRESS 28%
[19:39:39.415] PDG_RESULT: 150;19;/media/jax/dvlp/Houdini/jupiter/hip/Studio/geo/cache/wedge_1/0020.bgeo.sc;;0
[19:39:39.417] PDG_SUCCESS: 150;19;0
[19:39:39.417] PDG_START: 150;21
[19:39:39.418] Cooking batch sub item 21
ALF_PROGRESS 30%
[19:39:39.485] PDG_RESULT: 150;20;/media/jax/dvlp/Houdini/jupiter/hip/Studio/geo/cache/wedge_1/0021.bgeo.sc;;0
[19:39:39.486] PDG_SUCCESS: 150;20;0
[19:39:39.488] PDG_START: 150;22
[19:39:39.489] Cooking batch sub item 22
ALF_PROGRESS 31%
[19:39:39.555] PDG_RESULT: 150;21;/media/jax/dvlp/Houdini/jupiter/hip/Studio/geo/cache/wedge_1/0022.bgeo.sc;;0
[19:39:39.557] PDG_SUCCESS: 150;21;0
[19:39:39.558] PDG_START: 150;23
[19:39:39.558] Cooking batch sub item 23
ALF_PROGRESS 32%
[19:39:39.633] PDG_RESULT: 150;22;/media/jax/dvlp/Houdini/jupiter/hip/Studio/geo/cache/wedge_1/0023.bgeo.sc;;0
[19:39:39.634] PDG_SUCCESS: 150;22;0
[19:39:39.635] PDG_START: 150;24
[19:39:39.636] Cooking batch sub item 24
ALF_PROGRESS 34%
[19:39:39.708] PDG_RESULT: 150;23;/media/jax/dvlp/Houdini/jupiter/hip/Studio/geo/cache/wedge_1/0024.bgeo.sc;;0
[19:39:39.710] PDG_SUCCESS: 150;23;0
[19:39:39.711] PDG_START: 150;25
[19:39:39.712] Cooking batch sub item 25
ALF_PROGRESS 35%
[19:39:39.797] PDG_RESULT: 150;24;/media/jax/dvlp/Houdini/jupiter/hip/Studio/geo/cache/wedge_1/0025.bgeo.sc;;0
[19:39:39.798] PDG_SUCCESS: 150;24;0
[19:39:39.799] PDG_START: 150;26
[19:39:39.800] Cooking batch sub item 26
ALF_PROGRESS 37%
[19:39:39.885] PDG_RESULT: 150;25;/media/jax/dvlp/Houdini/jupiter/hip/Studio/geo/cache/wedge_1/0026.bgeo.sc;;0
[19:39:39.887] PDG_SUCCESS: 150;25;0
[19:39:39.888] PDG_START: 150;27
[19:39:39.889] Cooking batch sub item 27
ALF_PROGRESS 38%
[19:39:39.968] PDG_RESULT: 150;26;/media/jax/dvlp/Houdini/jupiter/hip/Studio/geo/cache/wedge_1/0027.bgeo.sc;;0
[19:39:39.969] PDG_SUCCESS: 150;26;0
[19:39:39.970] PDG_START: 150;28
[19:39:39.971] Cooking batch sub item 28
ALF_PROGRESS 39%
[19:39:40.042] PDG_RESULT: 150;27;/media/jax/dvlp/Houdini/jupiter/hip/Studio/geo/cache/wedge_1/0028.bgeo.sc;;0
[19:39:40.043] PDG_SUCCESS: 150;27;0
[19:39:40.044] PDG_START: 150;29
[19:39:40.045] Cooking batch sub item 29
ALF_PROGRESS 41%
[19:39:40.114] PDG_RESULT: 150;28;/media/jax/dvlp/Houdini/jupiter/hip/Studio/geo/cache/wedge_1/0029.bgeo.sc;;0
[19:39:40.115] PDG_SUCCESS: 150;28;0
[19:39:40.116] PDG_START: 150;30
[19:39:40.117] Cooking batch sub item 30
ALF_PROGRESS 42%
[19:39:40.184] PDG_RESULT: 150;29;/media/jax/dvlp/Houdini/jupiter/hip/Studio/geo/cache/wedge_1/0030.bgeo.sc;;0
[19:39:40.185] PDG_SUCCESS: 150;29;0
[19:39:40.187] PDG_START: 150;31
[19:39:40.188] Cooking batch sub item 31
ALF_PROGRESS 44%
[19:39:40.257] PDG_RESULT: 150;30;/media/jax/dvlp/Houdini/jupiter/hip/Studio/geo/cache/wedge_1/0031.bgeo.sc;;0
[19:39:40.259] PDG_SUCCESS: 150;30;0
[19:39:40.260] PDG_START: 150;32
[19:39:40.261] Cooking batch sub item 32
ALF_PROGRESS 45%
[19:39:40.335] PDG_RESULT: 150;31;/media/jax/dvlp/Houdini/jupiter/hip/Studio/geo/cache/wedge_1/0032.bgeo.sc;;0
[19:39:40.336] PDG_SUCCESS: 150;31;0
[19:39:40.337] PDG_START: 150;33
[19:39:40.338] Cooking batch sub item 33
ALF_PROGRESS 46%
[19:39:40.407] PDG_RESULT: 150;32;/media/jax/dvlp/Houdini/jupiter/hip/Studio/geo/cache/wedge_1/0033.bgeo.sc;;0
[19:39:40.409] PDG_SUCCESS: 150;32;0
[19:39:40.410] PDG_START: 150;34
[19:39:40.410] Cooking batch sub item 34
ALF_PROGRESS 48%
[19:39:40.485] PDG_RESULT: 150;33;/media/jax/dvlp/Houdini/jupiter/hip/Studio/geo/cache/wedge_1/0034.bgeo.sc;;0
[19:39:40.486] PDG_SUCCESS: 150;33;0
[19:39:40.487] PDG_START: 150;35
[19:39:40.488] Cooking batch sub item 35
ALF_PROGRESS 49%
[19:39:40.558] PDG_RESULT: 150;34;/media/jax/dvlp/Houdini/jupiter/hip/Studio/geo/cache/wedge_1/0035.bgeo.sc;;0
[19:39:40.559] PDG_SUCCESS: 150;34;0
[19:39:40.560] PDG_START: 150;36
[19:39:40.561] Cooking batch sub item 36
ALF_PROGRESS 51%
[19:39:40.627] PDG_RESULT: 150;35;/media/jax/dvlp/Houdini/jupiter/hip/Studio/geo/cache/wedge_1/0036.bgeo.sc;;0
[19:39:40.628] PDG_SUCCESS: 150;35;0
[19:39:40.629] PDG_START: 150;37
[19:39:40.630] Cooking batch sub item 37
ALF_PROGRESS 52%
[19:39:40.698] PDG_RESULT: 150;36;/media/jax/dvlp/Houdini/jupiter/hip/Studio/geo/cache/wedge_1/0037.bgeo.sc;;0
[19:39:40.699] PDG_SUCCESS: 150;36;0
[19:39:40.700] PDG_START: 150;38
[19:39:40.700] Cooking batch sub item 38
ALF_PROGRESS 54%
[19:39:40.781] PDG_RESULT: 150;37;/media/jax/dvlp/Houdini/jupiter/hip/Studio/geo/cache/wedge_1/0038.bgeo.sc;;0
[19:39:40.782] PDG_SUCCESS: 150;37;0
[19:39:40.783] PDG_START: 150;39
[19:39:40.784] Cooking batch sub item 39
ALF_PROGRESS 55%
[19:39:40.871] PDG_RESULT: 150;38;/media/jax/dvlp/Houdini/jupiter/hip/Studio/geo/cache/wedge_1/0039.bgeo.sc;;0
[19:39:40.872] PDG_SUCCESS: 150;38;0
[19:39:40.873] PDG_START: 150;40
[19:39:40.874] Cooking batch sub item 40
ALF_PROGRESS 56%
[19:39:40.945] PDG_RESULT: 150;39;/media/jax/dvlp/Houdini/jupiter/hip/Studio/geo/cache/wedge_1/0040.bgeo.sc;;0
[19:39:40.946] PDG_SUCCESS: 150;39;0
[19:39:40.947] PDG_START: 150;41
[19:39:40.948] Cooking batch sub item 41
ALF_PROGRESS 58%
[19:39:41.019] PDG_RESULT: 150;40;/media/jax/dvlp/Houdini/jupiter/hip/Studio/geo/cache/wedge_1/0041.bgeo.sc;;0
[19:39:41.020] PDG_SUCCESS: 150;40;0
[19:39:41.022] PDG_START: 150;42
[19:39:41.023] Cooking batch sub item 42
ALF_PROGRESS 59%
[19:39:41.094] PDG_RESULT: 150;41;/media/jax/dvlp/Houdini/jupiter/hip/Studio/geo/cache/wedge_1/0042.bgeo.sc;;0
[19:39:41.095] PDG_SUCCESS: 150;41;0
[19:39:41.096] PDG_START: 150;43
[19:39:41.097] Cooking batch sub item 43
ALF_PROGRESS 61%
[19:39:41.168] PDG_RESULT: 150;42;/media/jax/dvlp/Houdini/jupiter/hip/Studio/geo/cache/wedge_1/0043.bgeo.sc;;0
[19:39:41.169] PDG_SUCCESS: 150;42;0
[19:39:41.170] PDG_START: 150;44
[19:39:41.171] Cooking batch sub item 44
ALF_PROGRESS 62%
[19:39:41.241] PDG_RESULT: 150;43;/media/jax/dvlp/Houdini/jupiter/hip/Studio/geo/cache/wedge_1/0044.bgeo.sc;;0
[19:39:41.242] PDG_SUCCESS: 150;43;0
[19:39:41.243] PDG_START: 150;45
[19:39:41.244] Cooking batch sub item 45
ALF_PROGRESS 63%
[19:39:41.310] PDG_RESULT: 150;44;/media/jax/dvlp/Houdini/jupiter/hip/Studio/geo/cache/wedge_1/0045.bgeo.sc;;0
[19:39:41.311] PDG_SUCCESS: 150;44;0
[19:39:41.312] PDG_START: 150;46
[19:39:41.312] Cooking batch sub item 46
ALF_PROGRESS 65%
[19:39:41.386] PDG_RESULT: 150;45;/media/jax/dvlp/Houdini/jupiter/hip/Studio/geo/cache/wedge_1/0046.bgeo.sc;;0
[19:39:41.387] PDG_SUCCESS: 150;45;0
[19:39:41.388] PDG_START: 150;47
[19:39:41.389] Cooking batch sub item 47
ALF_PROGRESS 66%
[19:39:41.453] PDG_RESULT: 150;46;/media/jax/dvlp/Houdini/jupiter/hip/Studio/geo/cache/wedge_1/0047.bgeo.sc;;0
[19:39:41.454] PDG_SUCCESS: 150;46;0
[19:39:41.455] PDG_START: 150;48
[19:39:41.456] Cooking batch sub item 48
ALF_PROGRESS 68%
[19:39:41.520] PDG_RESULT: 150;47;/media/jax/dvlp/Houdini/jupiter/hip/Studio/geo/cache/wedge_1/0048.bgeo.sc;;0
[19:39:41.521] PDG_SUCCESS: 150;47;0
[19:39:41.522] PDG_START: 150;49
[19:39:41.522] Cooking batch sub item 49
ALF_PROGRESS 69%
[19:39:41.592] PDG_RESULT: 150;48;/media/jax/dvlp/Houdini/jupiter/hip/Studio/geo/cache/wedge_1/0049.bgeo.sc;;0
[19:39:41.593] PDG_SUCCESS: 150;48;0
[19:39:41.594] PDG_START: 150;50
[19:39:41.595] Cooking batch sub item 50
ALF_PROGRESS 70%
[19:39:41.662] PDG_RESULT: 150;49;/media/jax/dvlp/Houdini/jupiter/hip/Studio/geo/cache/wedge_1/0050.bgeo.sc;;0
[19:39:41.663] PDG_SUCCESS: 150;49;0
[19:39:41.664] PDG_START: 150;51
[19:39:41.664] Cooking batch sub item 51
ALF_PROGRESS 72%
[19:39:41.736] PDG_RESULT: 150;50;/media/jax/dvlp/Houdini/jupiter/hip/Studio/geo/cache/wedge_1/0051.bgeo.sc;;0
[19:39:41.738] PDG_SUCCESS: 150;50;0
[19:39:41.739] PDG_START: 150;52
[19:39:41.740] Cooking batch sub item 52
ALF_PROGRESS 73%
[19:39:41.812] PDG_RESULT: 150;51;/media/jax/dvlp/Houdini/jupiter/hip/Studio/geo/cache/wedge_1/0052.bgeo.sc;;0
[19:39:41.814] PDG_SUCCESS: 150;51;0
[19:39:41.814] PDG_START: 150;53
[19:39:41.815] Cooking batch sub item 53
ALF_PROGRESS 75%
[19:39:41.882] PDG_RESULT: 150;52;/media/jax/dvlp/Houdini/jupiter/hip/Studio/geo/cache/wedge_1/0053.bgeo.sc;;0
[19:39:41.883] PDG_SUCCESS: 150;52;0
[19:39:41.884] PDG_START: 150;54
[19:39:41.885] Cooking batch sub item 54
ALF_PROGRESS 76%
[19:39:41.953] PDG_RESULT: 150;53;/media/jax/dvlp/Houdini/jupiter/hip/Studio/geo/cache/wedge_1/0054.bgeo.sc;;0
[19:39:41.954] PDG_SUCCESS: 150;53;0
[19:39:41.955] PDG_START: 150;55
[19:39:41.956] Cooking batch sub item 55
ALF_PROGRESS 77%
[19:39:42.022] PDG_RESULT: 150;54;/media/jax/dvlp/Houdini/jupiter/hip/Studio/geo/cache/wedge_1/0055.bgeo.sc;;0
[19:39:42.023] PDG_SUCCESS: 150;54;0
[19:39:42.024] PDG_START: 150;56
[19:39:42.025] Cooking batch sub item 56
ALF_PROGRESS 79%
[19:39:42.092] PDG_RESULT: 150;55;/media/jax/dvlp/Houdini/jupiter/hip/Studio/geo/cache/wedge_1/0056.bgeo.sc;;0
[19:39:42.094] PDG_SUCCESS: 150;55;0
[19:39:42.095] PDG_START: 150;57
[19:39:42.095] Cooking batch sub item 57
ALF_PROGRESS 80%
[19:39:42.164] PDG_RESULT: 150;56;/media/jax/dvlp/Houdini/jupiter/hip/Studio/geo/cache/wedge_1/0057.bgeo.sc;;0
[19:39:42.165] PDG_SUCCESS: 150;56;0
[19:39:42.166] PDG_START: 150;58
[19:39:42.167] Cooking batch sub item 58
ALF_PROGRESS 82%
[19:39:42.238] PDG_RESULT: 150;57;/media/jax/dvlp/Houdini/jupiter/hip/Studio/geo/cache/wedge_1/0058.bgeo.sc;;0
[19:39:42.239] PDG_SUCCESS: 150;57;0
[19:39:42.240] PDG_START: 150;59
[19:39:42.240] Cooking batch sub item 59
ALF_PROGRESS 83%
[19:39:42.307] PDG_RESULT: 150;58;/media/jax/dvlp/Houdini/jupiter/hip/Studio/geo/cache/wedge_1/0059.bgeo.sc;;0
[19:39:42.308] PDG_SUCCESS: 150;58;0
[19:39:42.309] PDG_START: 150;60
[19:39:42.310] Cooking batch sub item 60
ALF_PROGRESS 85%
[19:39:42.378] PDG_RESULT: 150;59;/media/jax/dvlp/Houdini/jupiter/hip/Studio/geo/cache/wedge_1/0060.bgeo.sc;;0
[19:39:42.379] PDG_SUCCESS: 150;59;0
[19:39:42.380] PDG_START: 150;61
[19:39:42.380] Cooking batch sub item 61
ALF_PROGRESS 86%
[19:39:42.445] PDG_RESULT: 150;60;/media/jax/dvlp/Houdini/jupiter/hip/Studio/geo/cache/wedge_1/0061.bgeo.sc;;0
[19:39:42.446] PDG_SUCCESS: 150;60;0
[19:39:42.447] PDG_START: 150;62
[19:39:42.448] Cooking batch sub item 62
ALF_PROGRESS 87%
[19:39:42.515] PDG_RESULT: 150;61;/media/jax/dvlp/Houdini/jupiter/hip/Studio/geo/cache/wedge_1/0062.bgeo.sc;;0
[19:39:42.516] PDG_SUCCESS: 150;61;0
[19:39:42.517] PDG_START: 150;63
[19:39:42.518] Cooking batch sub item 63
ALF_PROGRESS 89%
[19:39:42.587] PDG_RESULT: 150;62;/media/jax/dvlp/Houdini/jupiter/hip/Studio/geo/cache/wedge_1/0063.bgeo.sc;;0
[19:39:42.588] PDG_SUCCESS: 150;62;0
[19:39:42.589] PDG_START: 150;64
[19:39:42.590] Cooking batch sub item 64
ALF_PROGRESS 90%
[19:39:42.655] PDG_RESULT: 150;63;/media/jax/dvlp/Houdini/jupiter/hip/Studio/geo/cache/wedge_1/0064.bgeo.sc;;0
[19:39:42.657] PDG_SUCCESS: 150;63;0
[19:39:42.658] PDG_START: 150;65
[19:39:42.659] Cooking batch sub item 65
ALF_PROGRESS 92%
[19:39:42.726] PDG_RESULT: 150;64;/media/jax/dvlp/Houdini/jupiter/hip/Studio/geo/cache/wedge_1/0065.bgeo.sc;;0
[19:39:42.727] PDG_SUCCESS: 150;64;0
[19:39:42.729] PDG_START: 150;66
[19:39:42.730] Cooking batch sub item 66
ALF_PROGRESS 93%
[19:39:42.797] PDG_RESULT: 150;65;/media/jax/dvlp/Houdini/jupiter/hip/Studio/geo/cache/wedge_1/0066.bgeo.sc;;0
[19:39:42.799] PDG_SUCCESS: 150;65;0
[19:39:42.800] PDG_START: 150;67
[19:39:42.801] Cooking batch sub item 67
ALF_PROGRESS 94%
[19:39:42.867] PDG_RESULT: 150;66;/media/jax/dvlp/Houdini/jupiter/hip/Studio/geo/cache/wedge_1/0067.bgeo.sc;;0
[19:39:42.869] PDG_SUCCESS: 150;66;0
[19:39:42.870] PDG_START: 150;68
[19:39:42.870] Cooking batch sub item 68
ALF_PROGRESS 96%
[19:39:42.935] PDG_RESULT: 150;67;/media/jax/dvlp/Houdini/jupiter/hip/Studio/geo/cache/wedge_1/0068.bgeo.sc;;0
[19:39:42.937] PDG_SUCCESS: 150;67;0
[19:39:42.938] PDG_START: 150;69
[19:39:42.940] Cooking batch sub item 69
ALF_PROGRESS 97%
[19:39:43.007] PDG_RESULT: 150;68;/media/jax/dvlp/Houdini/jupiter/hip/Studio/geo/cache/wedge_1/0069.bgeo.sc;;0
[19:39:43.009] PDG_SUCCESS: 150;68;0
[19:39:43.010] PDG_START: 150;70
[19:39:43.011] Cooking batch sub item 70
ALF_PROGRESS 99%
[19:39:43.078] PDG_RESULT: 150;69;/media/jax/dvlp/Houdini/jupiter/hip/Studio/geo/cache/wedge_1/0070.bgeo.sc;;0
[19:39:43.079] PDG_SUCCESS: 150;69;0
[19:39:43.080] PDG_START: 150;71
[19:39:43.081] Cooking batch sub item 71
ALF_PROGRESS 100%
[19:39:43.149] PDG_RESULT: 150;70;/media/jax/dvlp/Houdini/jupiter/hip/Studio/geo/cache/wedge_1/0071.bgeo.sc;;0
[19:39:43.150] PDG_SUCCESS: 150;70;0
[19:39:43.163] PDG_RESULT: 150;71;/media/jax/dvlp/Houdini/jupiter/hip/Studio/geo/cache/wedge_1/0072.bgeo.sc;;0
[19:39:43.164] PDG_SUCCESS: 150;71;0
